-------------------------------------------------------------------------------
Test set: burgers.BurgercloudDataApplicationTests
-------------------------------------------------------------------------------
Tests run: 1, Failures: 0, Errors: 1, Skipped: 0, Time elapsed: 0.602 s <<< FAILURE! - in burgers.BurgercloudDataApplicationTests
initializationError(burgers.BurgercloudDataApplicationTests)  Time elapsed: 0.015 s  <<< ERROR!
java.lang.IllegalStateException: Unable to find a @SpringBootConfiguration, you need to use @ContextConfiguration or @SpringBootTest(classes=...) with your test

