-------------------------------------------------------------------------------
Test set: burgers.BurgercloudDomainApplicationTests
-------------------------------------------------------------------------------
Tests run: 1, Failures: 0, Errors: 1, Skipped: 0, Time elapsed: 0.804 s <<< FAILURE! - in burgers.BurgercloudDomainApplicationTests
initializationError(burgers.BurgercloudDomainApplicationTests)  Time elapsed: 0.011 s  <<< ERROR!
java.lang.IllegalStateException: Unable to find a @SpringBootConfiguration, you need to use @ContextConfiguration or @SpringBootTest(classes=...) with your test

